Determining if the pthread_create exist failed with the following output:
Change Dir: /home/hasithr/ros_workspaces/project_ws/src/3d_scanning_with_regrasping/scanning/src/point_cloud_cleaner/CMakeFiles/CMakeTmp

Run Build Command:"/usr/bin/make" "cmTC_27f70/fast"
/usr/bin/make -f CMakeFiles/cmTC_27f70.dir/build.make CMakeFiles/cmTC_27f70.dir/build
make[1]: Entering directory '/home/hasithr/ros_workspaces/project_ws/src/3d_scanning_with_regrasping/scanning/src/point_cloud_cleaner/CMakeFiles/CMakeTmp'
Building C object CMakeFiles/cmTC_27f70.dir/CheckSymbolExists.c.o
/usr/bin/gcc     -o CMakeFiles/cmTC_27f70.dir/CheckSymbolExists.c.o   -c /home/hasithr/ros_workspaces/project_ws/src/3d_scanning_with_regrasping/scanning/src/point_cloud_cleaner/CMakeFiles/CMakeTmp/CheckSymbolExists.c
Linking C executable cmTC_27f70
/usr/bin/cmake -E cmake_link_script CMakeFiles/cmTC_27f70.dir/link.txt --verbose=1
/usr/bin/gcc       CMakeFiles/cmTC_27f70.dir/CheckSymbolExists.c.o  -o cmTC_27f70 -rdynamic 
CMakeFiles/cmTC_27f70.dir/CheckSymbolExists.c.o: In function `main':
CheckSymbolExists.c:(.text+0x16): undefined reference to `pthread_create'
collect2: error: ld returned 1 exit status
CMakeFiles/cmTC_27f70.dir/build.make:97: recipe for target 'cmTC_27f70' failed
make[1]: *** [cmTC_27f70] Error 1
make[1]: Leaving directory '/home/hasithr/ros_workspaces/project_ws/src/3d_scanning_with_regrasping/scanning/src/point_cloud_cleaner/CMakeFiles/CMakeTmp'
Makefile:126: recipe for target 'cmTC_27f70/fast' failed
make: *** [cmTC_27f70/fast] Error 2

File /home/hasithr/ros_workspaces/project_ws/src/3d_scanning_with_regrasping/scanning/src/point_cloud_cleaner/CMakeFiles/CMakeTmp/CheckSymbolExists.c:
/* */
#include <pthread.h>

int main(int argc, char** argv)
{
  (void)argv;
#ifndef pthread_create
  return ((int*)(&pthread_create))[argc];
#else
  (void)argc;
  return 0;
#endif
}

Determining if the function pthread_create exists in the pthreads failed with the following output:
Change Dir: /home/hasithr/ros_workspaces/project_ws/src/3d_scanning_with_regrasping/scanning/src/point_cloud_cleaner/CMakeFiles/CMakeTmp

Run Build Command:"/usr/bin/make" "cmTC_32206/fast"
/usr/bin/make -f CMakeFiles/cmTC_32206.dir/build.make CMakeFiles/cmTC_32206.dir/build
make[1]: Entering directory '/home/hasithr/ros_workspaces/project_ws/src/3d_scanning_with_regrasping/scanning/src/point_cloud_cleaner/CMakeFiles/CMakeTmp'
Building C object CMakeFiles/cmTC_32206.dir/CheckFunctionExists.c.o
/usr/bin/gcc    -DCHECK_FUNCTION_EXISTS=pthread_create   -o CMakeFiles/cmTC_32206.dir/CheckFunctionExists.c.o   -c /usr/share/cmake-3.5/Modules/CheckFunctionExists.c
Linking C executable cmTC_32206
/usr/bin/cmake -E cmake_link_script CMakeFiles/cmTC_32206.dir/link.txt --verbose=1
/usr/bin/gcc   -DCHECK_FUNCTION_EXISTS=pthread_create    CMakeFiles/cmTC_32206.dir/CheckFunctionExists.c.o  -o cmTC_32206 -rdynamic -lpthreads 
/usr/bin/ld: cannot find -lpthreads
collect2: error: ld returned 1 exit status
CMakeFiles/cmTC_32206.dir/build.make:97: recipe for target 'cmTC_32206' failed
make[1]: *** [cmTC_32206] Error 1
make[1]: Leaving directory '/home/hasithr/ros_workspaces/project_ws/src/3d_scanning_with_regrasping/scanning/src/point_cloud_cleaner/CMakeFiles/CMakeTmp'
Makefile:126: recipe for target 'cmTC_32206/fast' failed
make: *** [cmTC_32206/fast] Error 2


